20230912	12:27:08	e72aa46d-53f1-45d2-a11c-0e55e8556856	ReferenceError: viewPath is not defined	GET	/	undefined
20230912	12:27:12	884a1344-6772-4871-b9cf-bbc0bd39de31	ReferenceError: viewPath is not defined	GET	/contacts	undefined
20230912	12:27:12	c78caeb3-ff14-4550-b53d-13c9779974e7	ReferenceError: viewPath is not defined	GET	/favicon.ico	undefined
20230912	12:27:39	4440fd1d-5ea9-4f26-becf-f5a9827db578	ReferenceError: viewPath is not defined	GET	/contacts	undefined
20230912	12:27:39	68343571-636c-4b88-b25f-fc15983d032f	ReferenceError: viewPath is not defined	GET	/favicon.ico	undefined
20230912	12:27:41	cac0a86e-fcbe-494b-a527-50c567563b0d	ReferenceError: viewPath is not defined	GET	/	undefined
20230912	12:27:41	5208088c-99e6-40ae-b9d4-b73805fde95c	ReferenceError: viewPath is not defined	GET	/favicon.ico	undefined
20230912	12:27:44	767456a8-f157-453a-96fe-dce64ee74058	ReferenceError: viewPath is not defined	GET	/sign-in	undefined
20230912	12:27:44	de64cee3-c54b-4544-a911-2dd599b09829	ReferenceError: viewPath is not defined	GET	/favicon.ico	undefined
20230912	12:27:48	ab8e3199-ad93-4832-98b1-b7b23aa7c0e5	ReferenceError: viewPath is not defined	GET	/home	undefined
20230912	12:27:48	a0c35b5f-521c-4f24-9a59-4bd567c4f3a4	ReferenceError: viewPath is not defined	GET	/favicon.ico	undefined
20230912	12:27:50	0da1b3e3-8318-49fe-b6cb-e3ae53c336ea	ReferenceError: viewPath is not defined	GET	/contacts	undefined
20230912	12:27:51	bbe3b8fd-66ea-463c-846f-3551d7eb552e	ReferenceError: viewPath is not defined	GET	/favicon.ico	undefined
20230912	12:27:53	b9660196-b7d1-414d-b750-e8003c07979e	ReferenceError: viewPath is not defined	GET	/	undefined
20230912	12:27:53	76a57b6c-154d-4fb5-8719-ff26cd4734fa	ReferenceError: viewPath is not defined	GET	/favicon.ico	undefined
20230912	12:27:57	dd276857-51ea-44ad-aa5b-766c06a8b4f0	ReferenceError: viewPath is not defined	GET	/friends	undefined
20230912	12:27:57	5eb6d634-39bb-495f-887b-5b41b513495a	ReferenceError: viewPath is not defined	GET	/favicon.ico	undefined
20230912	12:28:01	03649802-0a63-4f5b-b0a5-bebeb4930187	ReferenceError: viewPath is not defined	GET	/help	undefined
20230912	12:28:01	9670b49f-8910-4f0d-9a97-5437e3533f2e	ReferenceError: viewPath is not defined	GET	/favicon.ico	undefined
20230912	12:28:07	eb5e2a41-4560-4eb7-8dc1-a3f2f2579a8f	ReferenceError: viewPath is not defined	GET	/messages	undefined
20230912	12:28:07	57a935eb-a003-4c35-a247-8706ede45061	ReferenceError: viewPath is not defined	GET	/favicon.ico	undefined
20230912	12:28:10	5b5cca2c-4176-40ef-aa19-3d035dc8c328	ReferenceError: viewPath is not defined	GET	/	undefined
20230912	12:28:10	892688e3-05d9-467b-8803-45164212a263	ReferenceError: viewPath is not defined	GET	/favicon.ico	undefined
20230912	12:29:02	bce5cc4d-13dc-4e2b-a084-c104ca9d6f13	ReferenceError: viewPath is not defined	GET	/messages	undefined
20230912	12:29:03	0b1d9556-9a13-4533-8610-586208d3c243	ReferenceError: viewPath is not defined	GET	/favicon.ico	undefined
20230912	12:29:06	08a242b2-9632-453a-9b53-bffb873b3647	ReferenceError: viewPath is not defined	GET	/contacts	undefined
20230912	12:29:06	14e378e5-127c-4e21-8ab8-881d7342c454	ReferenceError: viewPath is not defined	GET	/favicon.ico	undefined
20230912	12:32:36	6d267dfe-cbbe-4cc1-93be-14930c314d29	ReferenceError: viewPath is not defined	GET	/oippjmoi	undefined
20230912	12:32:36	46047515-0132-494a-a040-83dd42f29996	ReferenceError: viewPath is not defined	GET	/favicon.ico	undefined
20230912	12:32:46	53556bc5-c159-4de9-b330-bc0b6a3d22a7	ReferenceError: viewPath is not defined	GET	/messages	undefined
20230912	12:32:47	2c263b37-44d2-46ba-ba29-7e85a99724e2	ReferenceError: viewPath is not defined	GET	/favicon.ico	undefined
20230912	12:33:09	24c893c2-2069-4909-8f2f-55dcf5288e95	ReferenceError: viewPath is not defined	GET	/messages	undefined
20230912	12:33:09	7f96110c-938f-44db-9749-862aa27ef923	ReferenceError: viewPath is not defined	GET	/favicon.ico	undefined
20230912	12:33:10	ade3b909-abf3-4547-9017-22ba8187b097	ReferenceError: viewPath is not defined	GET	/messages	undefined
20230912	12:33:10	f26bbf33-d774-48f1-aa29-3ecf3b89e20b	ReferenceError: viewPath is not defined	GET	/favicon.ico	undefined
20230912	12:33:10	55513470-b214-461b-9209-818ee05b38a5	ReferenceError: viewPath is not defined	GET	/messages	undefined
20230912	12:33:10	551bc84d-265f-4d22-a4fa-c303b0c1bd16	ReferenceError: viewPath is not defined	GET	/favicon.ico	undefined
20230912	12:33:10	b48941b1-e2da-41af-8b4f-3e4737c5c3ec	ReferenceError: viewPath is not defined	GET	/messages	undefined
20230912	12:33:10	dbe5f876-bff7-4262-a824-0aec0c3ee65a	ReferenceError: viewPath is not defined	GET	/favicon.ico	undefined
20230912	12:33:10	2a89c889-f89c-4c96-bc20-5840d1a58dc0	ReferenceError: viewPath is not defined	GET	/messages	undefined
20230912	12:33:10	6ccb7127-5e5a-4574-a038-d70316655713	ReferenceError: viewPath is not defined	GET	/favicon.ico	undefined
20230912	12:33:10	4fc8cfc6-1ae3-4ccf-ad96-17af16a900af	ReferenceError: viewPath is not defined	GET	/messages	undefined
20230912	12:33:11	a65e636b-d3da-4a46-b11f-54960b8f707a	ReferenceError: viewPath is not defined	GET	/favicon.ico	undefined
20230912	12:33:23	0c5e8c9f-de14-4ab8-913a-2bed66dd61e8	ReferenceError: viewPath is not defined	GET	/	undefined
20230912	12:33:23	b8e82eb9-2847-4d62-ada9-a20ec48a6b67	ReferenceError: viewPath is not defined	GET	/favicon.ico	undefined
20230912	12:45:09	e1d5d557-d8e8-47ed-95af-f3aa943dceb9	ReferenceError: viewPath is not defined	GET	/	undefined
20230912	12:45:10	31cc4ec8-b68d-4d1f-8261-3cbfdf1c8312	ReferenceError: viewPath is not defined	GET	/favicon.ico	undefined
20230912	12:45:20	ec049329-00dc-4d08-b7cf-da62fe8b9e03	ReferenceError: viewPath is not defined	GET	/getFriends	undefined
20230912	12:45:20	53758d3e-175a-4e6c-90e3-44b9bef77ab8	ReferenceError: viewPath is not defined	GET	/favicon.ico	undefined
20230912	12:47:12	e157af6a-79cd-499d-8751-70b9a4e163e5	ReferenceError: viewPath is not defined	GET	/favicon.ico	undefined
20230912	12:48:43	1b19ab8c-e2c1-468d-882b-299f008ee811	ReferenceError: viewPath is not defined	GET	/favicon.ico	undefined
20230912	12:49:31	33a11eb5-56ca-4af9-b819-4c4a67862e35	ReferenceError: viewPath is not defined	GET	/	undefined
20230912	12:49:31	422ab5b9-0c40-44df-94f8-cdf431fb2adf	ReferenceError: viewPath is not defined	GET	/favicon.ico	undefined
20230912	12:52:37	11cf1621-ed39-44e2-8d7d-11379d21288f	ReferenceError: viewPath is not defined	GET	/favicon.ico	undefined
20230912	12:52:40	9e5c04cb-c451-43f6-bd4e-f6b642962f2e	ReferenceError: viewPath is not defined	GET	/messages	undefined
20230912	12:52:41	360ceff3-f31f-4638-a4a2-2d9e22625913	ReferenceError: viewPath is not defined	GET	/favicon.ico	undefined
20230912	12:55:35	e37611e8-a667-4f40-9c94-fb1454de6ff9	ReferenceError: viewPath is not defined	GET	/messages	undefined
20230912	12:55:35	3ce0bf65-6ea5-4367-8a8a-229b1e1635e4	ReferenceError: viewPath is not defined	GET	/favicon.ico	undefined
20230912	12:59:43	d5a97332-31a1-4f1b-9035-285f61f9fd37	ReferenceError: viewPath is not defined	GET	/	undefined
20230912	13:01:28	8e99440d-c296-497f-a5c3-1f96d484aef0	ReferenceError: viewPath is not defined	GET	/messages	undefined
20230912	13:01:29	6ee1fad6-542b-4ec8-83ce-656df33218e3	ReferenceError: viewPath is not defined	GET	/favicon.ico	undefined
20230912	13:02:00	36c8cc8d-f8f4-48fd-94f9-8876cd01ba93	ReferenceError: viewPath is not defined	GET	/messages	undefined
20230912	13:02:01	09238915-42a6-45e2-9121-5fb33895188c	ReferenceError: viewPath is not defined	GET	/favicon.ico	undefined
20230912	13:02:20	6c622ab0-e69a-4c9c-904e-989839fbfd0b	ReferenceError: viewPath is not defined	GET	/messages	undefined
20230912	13:02:20	fbaf4f5f-50da-4f2e-94c8-f7432c6c2aa2	ReferenceError: viewPath is not defined	GET	/favicon.ico	undefined
20230912	13:28:00	b0e78f5d-b596-43b6-b8fb-c54771e2b559	ReferenceError: viewPath is not defined	GET	/messages	undefined
20230912	13:28:00	763e0ae4-94ff-4bb8-9e67-92fa7f91e079	ReferenceError: viewPath is not defined	GET	/favicon.ico	undefined
20230912	14:14:15	11029248-7eac-45f5-990e-f73e76dae7ce	ReferenceError: viewPath is not defined	GET	/home	undefined
20230912	14:14:15	9ade40fc-d386-47bf-9b1f-63fd725d4198	ReferenceError: viewPath is not defined	GET	/favicon.ico	undefined
20230912	14:16:47	e9674ccc-69f7-47c5-94c8-37cbc691761c	ReferenceError: viewPath is not defined	GET	/contacts	undefined
20230912	14:16:48	781cf90b-a10a-453e-b374-72248f213cf4	ReferenceError: viewPath is not defined	GET	/favicon.ico	undefined
20230912	15:06:46	9ad226ec-e14c-45f0-aef9-966ec72c8375	ReferenceError: viewPath is not defined	GET	/	undefined
20230912	15:06:46	834f1f31-2a15-45ae-a939-13f1b118dc8f	ReferenceError: viewPath is not defined	GET	/favicon.ico	undefined
20230912	17:20:06	dd8c6291-3329-4ac2-b728-08f86f6d0d5a	ReferenceError: viewPath is not defined	POST	/register	http://localhost:3000
20230912	17:20:52	10b886fb-8085-4e8b-bb2d-6295248ed34c	ReferenceError: viewPath is not defined	POST	/register	http://localhost:3000
20230912	17:21:20	0a761c24-f526-4e0a-b2bf-ef05682ed72b	ReferenceError: viewPath is not defined	POST	/register	http://localhost:3000
20230912	17:21:27	21823fc4-6eb0-48e4-8219-4034610de1fb	ReferenceError: viewPath is not defined	POST	/register	http://localhost:3000
20230912	17:33:09	74a188e2-4648-4fec-8190-acefcfc6dfc2	ReferenceError: viewPath is not defined	POST	/sign-up	http://localhost:3000
20230912	17:35:33	56c62f3e-aeac-44e9-b303-358e15572caf	TypeError: Cannot destructure property 'Username' of 'req.res.body' as it is undefined.	POST	/sign-up	http://localhost:3000
